# JRE version: OpenJDK Runtime Environment Temurin-26.0.1+8 (26.0.1+8) (build 26.0.1+8)
# Java VM: OpenJDK 64-Bit Server VM Temurin-26.0.1+8 (26.0.1+8, mixed mode, sharing, tiered, compressed oops, compressed class ptrs, g1 gc, windows-amd64)
GC Precious Log:
 CardTable entry size: 512
 Card Set container configuration: InlinePtr #cards 4 size 8 Array Of Cards #cards 16 size 48 Howl #buckets 8 coarsen threshold 3686 Howl Bitmap #cards 512 size 80 coarsen threshold 460 Card regions per heap region 1 cards per card region 4096
 CPUs: 12 total, 12 available
 Memory: 16311M
 Large Page Support: Disabled
 NUMA Support: Disabled
 Compressed Oops: Enabled (Zero based)
 Heap Region Size: 2M
 Heap Min Capacity: 8M
 Heap Initial Capacity: 8M
 Heap Max Capacity: 4078M
 Pre-touch: Disabled
 Parallel Workers: 10
 Concurrent Workers: 3
 Concurrent Refinement Workers: 10
 Periodic GC: Disabled
Heap:
 garbage-first heap   total reserved 4175872K, committed 215040K, used 151188K [0x0000000701200000, 0x0000000800000000)
  region size 2M, 40 eden (80M), 7 survivor (14M), 30 old (60M), 0 humongous (0M), 28 free (56M)
GC Heap Usage History (20 events):
Event: 1.060 {heap Before GC invocations=12 (full 0):
 garbage-first heap   total reserved 4175872K, committed 53248K, used 36730K [0x0000000701200000, 0x0000000800000000)
  region size 2M, 2 eden (4M), 1 survivor (2M), 17 old (34M), 0 humongous (0M), 6 free (12M)
}
Event: 1.061 {heap After GC invocations=13 (full 0):
 garbage-first heap   total reserved 4175872K, committed 53248K, used 41678K [0x0000000701200000, 0x0000000800000000)
  region size 2M, 0 eden (0M), 1 survivor (2M), 20 old (40M), 0 humongous (0M), 5 free (10M)
}
Event: 1.073 {heap Before GC invocations=13 (full 0):
 garbage-first heap   total reserved 4175872K, committed 53248K, used 43726K [0x0000000701200000, 0x0000000800000000)
  region size 2M, 2 eden (4M), 1 survivor (2M), 20 old (40M), 0 humongous (0M), 3 free (6M)
}
Event: 1.076 {heap After GC invocations=14 (full 0):
 garbage-first heap   total reserved 4175872K, committed 67584K, used 47701K [0x0000000701200000, 0x0000000800000000)
  region size 2M, 0 eden (0M), 1 survivor (2M), 23 old (46M), 0 humongous (0M), 9 free (18M)
}
Event: 1.096 {heap Before GC invocations=14 (full 0):
 garbage-first heap   total reserved 4175872K, committed 67584K, used 53845K [0x0000000701200000, 0x0000000800000000)
  region size 2M, 4 eden (8M), 1 survivor (2M), 23 old (46M), 0 humongous (0M), 5 free (10M)
}
Event: 1.098 {heap After GC invocations=15 (full 0):
 garbage-first heap   total reserved 4175872K, committed 215040K, used 57210K [0x0000000701200000, 0x0000000800000000)
  region size 2M, 0 eden (0M), 1 survivor (2M), 28 old (56M), 0 humongous (0M), 76 free (152M)
}
Event: 1.346 {heap Before GC invocations=15 (full 0):
 garbage-first heap   total reserved 4175872K, committed 215040K, used 157562K [0x0000000701200000, 0x0000000800000000)
  region size 2M, 50 eden (100M), 1 survivor (2M), 28 old (56M), 0 humongous (0M), 26 free (52M)
}
Event: 1.348 {heap After GC invocations=16 (full 0):
 garbage-first heap   total reserved 4175872K, committed 215040K, used 71546K [0x0000000701200000, 0x0000000800000000)
  region size 2M, 0 eden (0M), 7 survivor (14M), 29 old (58M), 0 humongous (0M), 69 free (138M)
}
Event: 1.579 {heap Before GC invocations=16 (full 0):
 garbage-first heap   total reserved 4175872K, committed 215040K, used 184186K [0x0000000701200000, 0x0000000800000000)
  region size 2M, 56 eden (112M), 7 survivor (14M), 29 old (58M), 0 humongous (0M), 13 free (26M)
}
Event: 1.581 {heap After GC invocations=17 (full 0):
 garbage-first heap   total reserved 4175872K, committed 215040K, used 74325K [0x0000000701200000, 0x0000000800000000)
  region size 2M, 0 eden (0M), 8 survivor (16M), 29 old (58M), 0 humongous (0M), 68 free (136M)
}
Event: 1.807 {heap Before GC invocations=17 (full 0):
 garbage-first heap   total reserved 4175872K, committed 215040K, used 184917K [0x0000000701200000, 0x0000000800000000)
  region size 2M, 55 eden (110M), 8 survivor (16M), 29 old (58M), 0 humongous (0M), 13 free (26M)
}
Event: 1.808 {heap After GC invocations=18 (full 0):
 garbage-first heap   total reserved 4175872K, committed 215040K, used 70960K [0x0000000701200000, 0x0000000800000000)
  region size 2M, 0 eden (0M), 7 survivor (14M), 29 old (58M), 0 humongous (0M), 69 free (138M)
}
Event: 2.043 {heap Before GC invocations=18 (full 0):
 garbage-first heap   total reserved 4175872K, committed 215040K, used 183600K [0x0000000701200000, 0x0000000800000000)
  region size 2M, 56 eden (112M), 7 survivor (14M), 29 old (58M), 0 humongous (0M), 13 free (26M)
}
Event: 2.046 {heap After GC invocations=19 (full 0):
 garbage-first heap   total reserved 4175872K, committed 215040K, used 73008K [0x0000000701200000, 0x0000000800000000)
  region size 2M, 0 eden (0M), 8 survivor (16M), 29 old (58M), 0 humongous (0M), 68 free (136M)
}
Event: 2.278 {heap Before GC invocations=19 (full 0):
 garbage-first heap   total reserved 4175872K, committed 215040K, used 183600K [0x0000000701200000, 0x0000000800000000)
  region size 2M, 55 eden (110M), 8 survivor (16M), 29 old (58M), 0 humongous (0M), 13 free (26M)
}
Event: 2.281 {heap After GC invocations=20 (full 0):
 garbage-first heap   total reserved 4175872K, committed 215040K, used 75760K [0x0000000701200000, 0x0000000800000000)
  region size 2M, 0 eden (0M), 8 survivor (16M), 30 old (60M), 0 humongous (0M), 67 free (134M)
}
Event: 2.516 {heap Before GC invocations=20 (full 0):
 garbage-first heap   total reserved 4175872K, committed 215040K, used 186352K [0x0000000701200000, 0x0000000800000000)
  region size 2M, 55 eden (110M), 8 survivor (16M), 30 old (60M), 0 humongous (0M), 12 free (24M)
}
Event: 2.518 {heap After GC invocations=21 (full 0):
 garbage-first heap   total reserved 4175872K, committed 215040K, used 72396K [0x0000000701200000, 0x0000000800000000)
  region size 2M, 0 eden (0M), 7 survivor (14M), 30 old (60M), 0 humongous (0M), 68 free (136M)
}
Event: 2.748 {heap Before GC invocations=21 (full 0):
 garbage-first heap   total reserved 4175872K, committed 215040K, used 185036K [0x0000000701200000, 0x0000000800000000)
  region size 2M, 56 eden (112M), 7 survivor (14M), 30 old (60M), 0 humongous (0M), 12 free (24M)
}
Event: 2.750 {heap After GC invocations=22 (full 0):
 garbage-first heap   total reserved 4175872K, committed 215040K, used 73364K [0x0000000701200000, 0x0000000800000000)
  region size 2M, 0 eden (0M), 7 survivor (14M), 30 old (60M), 0 humongous (0M), 68 free (136M)
}

