# JRE version: OpenJDK Runtime Environment Temurin-26.0.1+8 (26.0.1+8) (build 26.0.1+8)
# Java VM: OpenJDK 64-Bit Server VM Temurin-26.0.1+8 (26.0.1+8, mixed mode, sharing, tiered, compressed oops, compressed class ptrs, g1 gc, windows-amd64)
GC Precious Log:
 CardTable entry size: 512
 Card Set container configuration: InlinePtr #cards 4 size 8 Array Of Cards #cards 16 size 48 Howl #buckets 8 coarsen threshold 3686 Howl Bitmap #cards 512 size 80 coarsen threshold 460 Card regions per heap region 1 cards per card region 4096
 CPUs: 12 total, 12 available
 Memory: 16311M
 Large Page Support: Disabled
 NUMA Support: Disabled
 Compressed Oops: Enabled (Zero based)
 Heap Region Size: 2M
 Heap Min Capacity: 8M
 Heap Initial Capacity: 8M
 Heap Max Capacity: 4078M
 Pre-touch: Disabled
 Parallel Workers: 10
 Concurrent Workers: 3
 Concurrent Refinement Workers: 10
 Periodic GC: Disabled
Heap:
 garbage-first heap   total reserved 4175872K, committed 10240K, used 3478K [0x0000000701200000, 0x0000000800000000)
  region size 2M, 1 eden (2M), 1 survivor (2M), 2 old (4M), 0 humongous (0M), 1 free (2M)
GC Heap Usage History (12 events):
Event: 0.445 {heap Before GC invocations=0 (full 0):
 garbage-first heap   total reserved 4175872K, committed 10240K, used 3230K [0x0000000701200000, 0x0000000800000000)
  region size 2M, 2 eden (4M), 0 survivor (0M), 1 old (2M), 0 humongous (0M), 2 free (4M)
}
Event: 0.446 {heap After GC invocations=1 (full 0):
 garbage-first heap   total reserved 4175872K, committed 10240K, used 2515K [0x0000000701200000, 0x0000000800000000)
  region size 2M, 0 eden (0M), 1 survivor (2M), 1 old (2M), 0 humongous (0M), 3 free (6M)
}
Event: 0.465 {heap Before GC invocations=1 (full 0):
 garbage-first heap   total reserved 4175872K, committed 10240K, used 4563K [0x0000000701200000, 0x0000000800000000)
  region size 2M, 1 eden (2M), 1 survivor (2M), 1 old (2M), 0 humongous (0M), 2 free (4M)
}
Event: 0.466 {heap After GC invocations=2 (full 0):
 garbage-first heap   total reserved 4175872K, committed 10240K, used 2647K [0x0000000701200000, 0x0000000800000000)
  region size 2M, 0 eden (0M), 1 survivor (2M), 2 old (4M), 0 humongous (0M), 2 free (4M)
}
Event: 0.513 {heap Before GC invocations=2 (full 0):
 garbage-first heap   total reserved 4175872K, committed 10240K, used 4695K [0x0000000701200000, 0x0000000800000000)
  region size 2M, 1 eden (2M), 1 survivor (2M), 2 old (4M), 0 humongous (0M), 1 free (2M)
}
Event: 0.513 {heap After GC invocations=3 (full 0):
 garbage-first heap   total reserved 4175872K, committed 10240K, used 2867K [0x0000000701200000, 0x0000000800000000)
  region size 2M, 0 eden (0M), 1 survivor (2M), 2 old (4M), 0 humongous (0M), 2 free (4M)
}
Event: 1.176 {heap Before GC invocations=3 (full 0):
 garbage-first heap   total reserved 4175872K, committed 10240K, used 4915K [0x0000000701200000, 0x0000000800000000)
  region size 2M, 1 eden (2M), 1 survivor (2M), 2 old (4M), 0 humongous (0M), 1 free (2M)
}
Event: 1.177 {heap After GC invocations=4 (full 0):
 garbage-first heap   total reserved 4175872K, committed 10240K, used 3189K [0x0000000701200000, 0x0000000800000000)
  region size 2M, 0 eden (0M), 1 survivor (2M), 2 old (4M), 0 humongous (0M), 2 free (4M)
}
Event: 2.188 {heap Before GC invocations=4 (full 0):
 garbage-first heap   total reserved 4175872K, committed 10240K, used 5237K [0x0000000701200000, 0x0000000800000000)
  region size 2M, 1 eden (2M), 1 survivor (2M), 2 old (4M), 0 humongous (0M), 1 free (2M)
}
Event: 2.189 {heap After GC invocations=5 (full 0):
 garbage-first heap   total reserved 4175872K, committed 10240K, used 3476K [0x0000000701200000, 0x0000000800000000)
  region size 2M, 0 eden (0M), 1 survivor (2M), 2 old (4M), 0 humongous (0M), 2 free (4M)
}
Event: 2.896 {heap Before GC invocations=5 (full 0):
 garbage-first heap   total reserved 4175872K, committed 10240K, used 5524K [0x0000000701200000, 0x0000000800000000)
  region size 2M, 1 eden (2M), 1 survivor (2M), 2 old (4M), 0 humongous (0M), 1 free (2M)
}
Event: 2.897 {heap After GC invocations=6 (full 0):
 garbage-first heap   total reserved 4175872K, committed 10240K, used 3478K [0x0000000701200000, 0x0000000800000000)
  region size 2M, 0 eden (0M), 1 survivor (2M), 2 old (4M), 0 humongous (0M), 2 free (4M)
}

